Untitled
- Delay -
active: false
- Duration - 
lowMin: 1500.0
lowMax: 1500.0
- Count - 
min: 0
max: 200
- Emission - 
lowMin: 25.0
lowMax: 25.0
highMin: 25.0
highMax: 75.0
relative: false
scalingCount: 13
scaling0: 1.0
scaling1: 0.8988764
scaling2: 0.69101125
scaling3: 0.5882353
scaling4: 0.6011236
scaling5: 0.83146065
scaling6: 0.92156863
scaling7: 0.8033708
scaling8: 0.51123595
scaling9: 0.43137255
scaling10: 0.5280899
scaling11: 0.9044944
scaling12: 1.0
timelineCount: 13
timeline0: 0.0
timeline1: 0.052380953
timeline2: 0.0968254
timeline3: 0.17123288
timeline4: 0.2809524
timeline5: 0.4063492
timeline6: 0.5273973
timeline7: 0.62857145
timeline8: 0.6952381
timeline9: 0.7808219
timeline10: 0.88095236
timeline11: 0.94285715
timeline12: 1.0
- Life - 
lowMin: 0.0
lowMax: 0.0
highMin: 1300.0
highMax: 2500.0
relative: false
scalingCount: 1
scaling0: 1.0
timelineCount: 1
timeline0: 0.0
- Life Offset - 
active: false
- X Offset - 
active: false
- Y Offset - 
active: true
lowMin: 3.0
lowMax: 3.0
highMin: 0.0
highMax: 0.0
relative: false
scalingCount: 1
scaling0: 1.0
timelineCount: 1
timeline0: 0.0
- Spawn Shape - 
shape: line
- Spawn Width - 
lowMin: 0.0
lowMax: 0.0
highMin: 0.0
highMax: 0.0
relative: false
scalingCount: 1
scaling0: 1.0
timelineCount: 1
timeline0: 0.0
- Spawn Height - 
lowMin: 0.0
lowMax: 0.0
highMin: 10.0
highMax: 10.0
relative: false
scalingCount: 1
scaling0: 1.0
timelineCount: 1
timeline0: 0.0
- Scale - 
lowMin: 3.0
lowMax: 3.0
highMin: 6.0
highMax: 6.0
relative: false
scalingCount: 3
scaling0: 0.0
scaling1: 1.0
scaling2: 0.0
timelineCount: 3
timeline0: 0.0
timeline1: 0.001
timeline2: 1.0
- Velocity - 
active: true
lowMin: 50.0
lowMax: 50.0
highMin: 50.0
highMax: 250.0
relative: false
scalingCount: 2
scaling0: 1.0
scaling1: 0.33333334
timelineCount: 2
timeline0: 0.0
timeline1: 1.0
- Angle - 
active: true
lowMin: 90.0
lowMax: 90.0
highMin: 0.0
highMax: 0.0
relative: false
scalingCount: 1
scaling0: 1.0
timelineCount: 1
timeline0: 0.0
- Rotation - 
active: false
- Wind - 
active: false
- Gravity - 
active: false
- Tint - 
colorsCount: 3
colors0: 0.68235296
colors1: 0.8352941
colors2: 0.5058824
timelineCount: 1
timeline0: 0.0
- Transparency - 
lowMin: 0.0
lowMax: 0.0
highMin: 1.0
highMax: 1.0
relative: false
scalingCount: 5
scaling0: 0.0
scaling1: 0.8947368
scaling2: 1.0
scaling3: 0.6666667
scaling4: 0.0
timelineCount: 5
timeline0: 0.0
timeline1: 0.10958904
timeline2: 0.5205479
timeline3: 0.79452056
timeline4: 1.0
- Options - 
attached: false
continuous: true
aligned: false
additive: true
behind: false
premultipliedAlpha: false
- Image Path -
/C:/Projects/TDI2/asset sources/skin/particle-default.png
