Untitled
- Delay -
active: false
- Duration - 
lowMin: 1500.0
lowMax: 1500.0
- Count - 
min: 5
max: 40
- Emission - 
lowMin: 0.0
lowMax: 0.0
highMin: 30.0
highMax: 30.0
relative: false
scalingCount: 2
scaling0: 1.0
scaling1: 0.0
timelineCount: 2
timeline0: 0.0
timeline1: 1.0
- Life - 
lowMin: 0.0
lowMax: 0.0
highMin: 1500.0
highMax: 3500.0
relative: false
scalingCount: 1
scaling0: 1.0
timelineCount: 1
timeline0: 0.0
- Life Offset - 
active: false
- X Offset - 
active: false
- Y Offset - 
active: false
- Spawn Shape - 
shape: point
- Spawn Width - 
lowMin: 0.0
lowMax: 0.0
highMin: 0.0
highMax: 0.0
relative: false
scalingCount: 1
scaling0: 1.0
timelineCount: 1
timeline0: 0.0
- Spawn Height - 
lowMin: 0.0
lowMax: 0.0
highMin: 0.0
highMax: 0.0
relative: false
scalingCount: 1
scaling0: 1.0
timelineCount: 1
timeline0: 0.0
- Scale - 
lowMin: 0.0
lowMax: 0.0
highMin: 20.0
highMax: 20.0
relative: false
scalingCount: 3
scaling0: 0.0
scaling1: 1.0
scaling2: 0.7058824
timelineCount: 3
timeline0: 0.0
timeline1: 0.39726028
timeline2: 1.0
- Velocity - 
active: true
lowMin: 0.0
lowMax: 0.0
highMin: 80.0
highMax: 0.0
relative: false
scalingCount: 1
scaling0: 1.0
timelineCount: 1
timeline0: 0.0
- Angle - 
active: true
lowMin: 0.0
lowMax: 0.0
highMin: 0.0
highMax: 180.0
relative: false
scalingCount: 1
scaling0: 1.0
timelineCount: 1
timeline0: 0.0
- Rotation - 
active: true
lowMin: 1.0
lowMax: 360.0
highMin: 180.0
highMax: 180.0
relative: true
scalingCount: 2
scaling0: 0.0
scaling1: 1.0
timelineCount: 2
timeline0: 0.0
timeline1: 1.0
- Wind - 
active: false
- Gravity - 
active: true
lowMin: 120.0
lowMax: 120.0
highMin: -450.0
highMax: -450.0
relative: false
scalingCount: 2
scaling0: 0.0
scaling1: 1.0
timelineCount: 2
timeline0: 0.0
timeline1: 1.0
- Tint - 
colorsCount: 3
colors0: 0.54901963
colors1: 0.7647059
colors2: 0.2901961
timelineCount: 1
timeline0: 0.0
- Transparency - 
lowMin: 0.0
lowMax: 0.0
highMin: 1.0
highMax: 1.0
relative: false
scalingCount: 4
scaling0: 0.0
scaling1: 1.0
scaling2: 0.75438595
scaling3: 0.0
timelineCount: 4
timeline0: 0.0
timeline1: 0.20547946
timeline2: 0.7123288
timeline3: 1.0
- Options - 
attached: false
continuous: false
aligned: false
additive: true
behind: false
premultipliedAlpha: false
- Image Path -
/C:/Projects/TDI2/asset sources/skin/ui-pause-button-video-ad-icon.png


Untitled
- Delay -
active: false
- Duration - 
lowMin: 1500.0
lowMax: 1500.0
- Count - 
min: 5
max: 40
- Emission - 
lowMin: 0.0
lowMax: 0.0
highMin: 30.0
highMax: 30.0
relative: false
scalingCount: 2
scaling0: 1.0
scaling1: 0.0
timelineCount: 2
timeline0: 0.0
timeline1: 1.0
- Life - 
lowMin: 0.0
lowMax: 0.0
highMin: 1500.0
highMax: 4500.0
relative: false
scalingCount: 1
scaling0: 1.0
timelineCount: 1
timeline0: 0.0
- Life Offset - 
active: false
- X Offset - 
active: false
- Y Offset - 
active: false
- Spawn Shape - 
shape: point
- Spawn Width - 
lowMin: 0.0
lowMax: 0.0
highMin: 0.0
highMax: 0.0
relative: false
scalingCount: 1
scaling0: 1.0
timelineCount: 1
timeline0: 0.0
- Spawn Height - 
lowMin: 0.0
lowMax: 0.0
highMin: 0.0
highMax: 0.0
relative: false
scalingCount: 1
scaling0: 1.0
timelineCount: 1
timeline0: 0.0
- Scale - 
lowMin: 0.0
lowMax: 0.0
highMin: 20.0
highMax: 20.0
relative: false
scalingCount: 3
scaling0: 0.0
scaling1: 1.0
scaling2: 0.7058824
timelineCount: 3
timeline0: 0.0
timeline1: 0.39726028
timeline2: 1.0
- Velocity - 
active: true
lowMin: 0.0
lowMax: 0.0
highMin: 80.0
highMax: 0.0
relative: false
scalingCount: 1
scaling0: 1.0
timelineCount: 1
timeline0: 0.0
- Angle - 
active: true
lowMin: 0.0
lowMax: 0.0
highMin: 0.0
highMax: 180.0
relative: false
scalingCount: 1
scaling0: 1.0
timelineCount: 1
timeline0: 0.0
- Rotation - 
active: true
lowMin: 1.0
lowMax: 360.0
highMin: 180.0
highMax: 180.0
relative: true
scalingCount: 2
scaling0: 0.0
scaling1: 1.0
timelineCount: 2
timeline0: 0.0
timeline1: 1.0
- Wind - 
active: false
- Gravity - 
active: true
lowMin: 100.0
lowMax: 100.0
highMin: -450.0
highMax: -450.0
relative: false
scalingCount: 2
scaling0: 0.0
scaling1: 1.0
timelineCount: 2
timeline0: 0.0
timeline1: 1.0
- Tint - 
colorsCount: 3
colors0: 0.54901963
colors1: 0.7647059
colors2: 0.2901961
timelineCount: 1
timeline0: 0.0
- Transparency - 
lowMin: 0.0
lowMax: 0.0
highMin: 1.0
highMax: 1.0
relative: false
scalingCount: 4
scaling0: 0.0
scaling1: 1.0
scaling2: 0.75438595
scaling3: 0.0
timelineCount: 4
timeline0: 0.0
timeline1: 0.20547946
timeline2: 0.7123288
timeline3: 1.0
- Options - 
attached: false
continuous: false
aligned: false
additive: true
behind: false
premultipliedAlpha: false
- Image Path -
/C:/Projects/TDI2/asset sources/skin/icon-plus.png
