Untitled
- Delay -
active: false
- Duration - 
lowMin: 50.0
lowMax: 50.0
- Count - 
min: 8
max: 20
- Emission - 
lowMin: 0.0
lowMax: 0.0
highMin: 15.0
highMax: 15.0
relative: false
scalingCount: 1
scaling0: 1.0
timelineCount: 1
timeline0: 0.0
- Life - 
lowMin: 0.0
lowMax: 0.0
highMin: 500.0
highMax: 800.0
relative: false
scalingCount: 1
scaling0: 1.0
timelineCount: 1
timeline0: 0.0
- Life Offset - 
active: false
- X Offset - 
active: false
- Y Offset - 
active: false
- Spawn Shape - 
shape: ellipse
edges: false
side: both
- Spawn Width - 
lowMin: 32.0
lowMax: 32.0
highMin: 32.0
highMax: 32.0
relative: false
scalingCount: 1
scaling0: 1.0
timelineCount: 1
timeline0: 0.0
- Spawn Height - 
lowMin: 16.0
lowMax: 16.0
highMin: 16.0
highMax: 16.0
relative: false
scalingCount: 1
scaling0: 1.0
timelineCount: 1
timeline0: 0.0
- Scale - 
lowMin: 8.0
lowMax: 8.0
highMin: 24.0
highMax: 32.0
relative: false
scalingCount: 2
scaling0: 1.0
scaling1: 0.49019608
timelineCount: 2
timeline0: 0.0
timeline1: 1.0
- Velocity - 
active: true
lowMin: 0.0
lowMax: 0.0
highMin: 60.0
highMax: 150.0
relative: false
scalingCount: 3
scaling0: 1.0
scaling1: 1.0
scaling2: 0.0
timelineCount: 3
timeline0: 0.0
timeline1: 0.5890411
timeline2: 1.0
- Angle - 
active: true
lowMin: 0.0
lowMax: 0.0
highMin: 0.0
highMax: 360.0
relative: false
scalingCount: 1
scaling0: 1.0
timelineCount: 1
timeline0: 0.0
- Rotation - 
active: true
lowMin: 180.0
lowMax: 180.0
highMin: 0.0
highMax: 360.0
relative: false
scalingCount: 2
scaling0: 1.0
scaling1: 0.0
timelineCount: 2
timeline0: 0.0
timeline1: 1.0
- Wind - 
active: false
- Gravity - 
active: false
- Tint - 
colorsCount: 3
colors0: 0.6313726
colors1: 0.0
colors2: 0.7372549
timelineCount: 1
timeline0: 0.0
- Transparency - 
lowMin: 0.0
lowMax: 0.0
highMin: 1.0
highMax: 1.0
relative: false
scalingCount: 4
scaling0: 0.0
scaling1: 1.0
scaling2: 0.7368421
scaling3: 0.0
timelineCount: 4
timeline0: 0.0
timeline1: 0.10273973
timeline2: 0.60958904
timeline3: 1.0
- Options - 
attached: false
continuous: false
aligned: false
additive: true
behind: false
premultipliedAlpha: false
- Image Path -
/C:/Projects/TDI2/asset sources/skin/particle-twist.png
