Untitled
- Delay -
active: false
- Duration - 
lowMin: 500.0
lowMax: 500.0
- Count - 
min: 1
max: 200
- Emission - 
lowMin: 1.0
lowMax: 1.0
highMin: 75.0
highMax: 100.0
relative: false
scalingCount: 1
scaling0: 1.0
timelineCount: 1
timeline0: 0.0
- Life - 
lowMin: 0.0
lowMax: 0.0
highMin: 1000.0
highMax: 1000.0
relative: false
scalingCount: 1
scaling0: 1.0
timelineCount: 1
timeline0: 0.0
- Life Offset - 
active: false
- X Offset - 
active: false
- Y Offset - 
active: false
- Spawn Shape - 
shape: point
- Spawn Width - 
lowMin: 0.0
lowMax: 0.0
highMin: 0.0
highMax: 0.0
relative: false
scalingCount: 1
scaling0: 1.0
timelineCount: 1
timeline0: 0.0
- Spawn Height - 
lowMin: 0.0
lowMax: 0.0
highMin: 0.0
highMax: 0.0
relative: false
scalingCount: 1
scaling0: 1.0
timelineCount: 1
timeline0: 0.0
- Scale - 
lowMin: 0.0
lowMax: 0.0
highMin: 12.0
highMax: 12.0
relative: false
scalingCount: 5
scaling0: 0.0
scaling1: 0.7254902
scaling2: 1.0
scaling3: 0.64705884
scaling4: 0.0
timelineCount: 5
timeline0: 0.0
timeline1: 0.21232876
timeline2: 0.51369864
timeline3: 0.8150685
timeline4: 1.0
- Velocity - 
active: true
lowMin: 0.0
lowMax: 0.0
highMin: 140.0
highMax: 200.0
relative: false
scalingCount: 1
scaling0: 1.0
timelineCount: 1
timeline0: 0.0
- Angle - 
active: true
lowMin: -360.0
lowMax: -720.0
highMin: 0.0
highMax: -360.0
relative: true
scalingCount: 3
scaling0: 1.0
scaling1: 0.37254903
scaling2: 0.0
timelineCount: 3
timeline0: 0.0
timeline1: 0.29452056
timeline2: 1.0
- Rotation - 
active: false
- Wind - 
active: false
- Gravity - 
active: false
- Tint - 
colorsCount: 3
colors0: 1.0
colors1: 1.0
colors2: 1.0
timelineCount: 1
timeline0: 0.0
- Transparency - 
lowMin: 0.0
lowMax: 0.0
highMin: 1.0
highMax: 1.0
relative: false
scalingCount: 3
scaling0: 0.28070176
scaling1: 0.5263158
scaling2: 0.0
timelineCount: 3
timeline0: 0.0
timeline1: 0.72602737
timeline2: 1.0
- Options - 
attached: false
continuous: true
aligned: false
additive: true
behind: false
premultipliedAlpha: false
- Image Path -
/C:/Projects/TDI2/asset sources/skin/particle-default.png
